# Preference setting overrides
gui_create_pref_key -category {Globals} -key {load_detail_for_funcov} -value_type {bool} -value {false}

# State setting overrides
gui_state_default_create -off -ini
gui_set_state_value -category Globals -key recent_databases -value {{gui_open_db -file /home/users10/aub32131/526/lab1/vcdplus.vpd -design V1}}
gui_set_state_value -category Layout -key child_console_size_x -value 718
gui_set_state_value -category Layout -key child_console_size_y -value 179
gui_set_state_value -category Layout -key child_data_size_x -value 174
gui_set_state_value -category Layout -key child_data_size_y -value 406
gui_set_state_value -category Layout -key child_hier_col3 -value {-1}
gui_set_state_value -category Layout -key child_hier_colpd -value 0
gui_set_state_value -category Layout -key child_hier_size_x -value 174
gui_set_state_value -category Layout -key child_hier_size_y -value 406
gui_set_state_value -category Layout -key child_source_docknewline -value false
gui_set_state_value -category Layout -key child_source_pos_x -value {-2}
gui_set_state_value -category Layout -key child_source_pos_y -value {-15}
gui_set_state_value -category Layout -key child_source_size_x -value 373
gui_set_state_value -category Layout -key child_source_size_y -value 401
gui_set_state_value -category Layout -key child_wave_colname -value 121
gui_set_state_value -category Layout -key child_wave_colvalue -value 120
gui_set_state_value -category Layout -key child_wave_left -value 245
gui_set_state_value -category Layout -key child_wave_right -value 599
gui_set_state_value -category Layout -key main_pos_x -value 365
gui_set_state_value -category Layout -key main_pos_y -value 659
gui_set_state_value -category Layout -key main_size_x -value 1083
gui_set_state_value -category Layout -key main_size_y -value 1367
gui_set_state_value -category Layout -key stand_wave_child_docknewline -value false
gui_set_state_value -category Layout -key stand_wave_child_pos_x -value {-2}
gui_set_state_value -category Layout -key stand_wave_child_pos_y -value {-15}
gui_set_state_value -category Layout -key stand_wave_child_size_x -value 854
gui_set_state_value -category Layout -key stand_wave_child_size_y -value 371
gui_set_state_value -category Layout -key stand_wave_top_pos_x -value 594
gui_set_state_value -category Layout -key stand_wave_top_pos_y -value 396
gui_set_state_value -category Layout -key stand_wave_top_size_x -value 1443
gui_set_state_value -category Layout -key stand_wave_top_size_y -value 895
gui_create_state_key -category FindDialog -key m_pMatchCase -value_type bool -value false
gui_create_state_key -category FindDialog -key m_pMatchWord -value_type bool -value false
gui_create_state_key -category FindDialog -key m_pUseCombo -value_type string -value {}
gui_create_state_key -category FindDialog -key m_pWrapAround -value_type bool -value true
gui_state_default_create -off

# Begin command logging
gui_open_db -file /home/users10/aub32131/526/lab1/vcdplus.vpd -design V1
gui_list_select -id Data.1 -selected  { tb_MUX2_1.A  tb_MUX2_1.B  tb_MUX2_1.SEL  tb_MUX2_1.OUT   }
gui_open_window Wave
gui_list_add -id Wave.1 -from Data.1 { tb_MUX2_1.A tb_MUX2_1.B tb_MUX2_1.SEL tb_MUX2_1.OUT } -insertionbar
gui_wv_zoom_timerange -id  Wave.1 0 389
gui_wv_scroll_hslidermove -id  Wave.1 631
gui_wv_zoom_timerange -id  Wave.1 210 732
gui_wv_zoom_timerange -id  Wave.1 210 716
gui_wv_zoom_timerange -id  Wave.1 210 692
gui_wv_zoom_timerange -id  Wave.1 210 701
#gui_exit

